<?xml version="1.0" encoding="UTF-8"?>
<testng-results ignored="0" total="2" passed="2" failed="0" skipped="0">
  <reporter-output>
  </reporter-output>
  <suite started-at="2025-02-22T19:43:34 IST" name="Default suite" finished-at="2025-02-22T19:43:57 IST" duration-ms="23148">
    <groups>
      <group name="sanity">
        <method signature="LoginTest.loginTest(com.ui.pojo.User)[pri:0, instance:com.ui.tests.LoginTest@17d88132]" name="loginTest" class="com.ui.tests.LoginTest"/>
      </group> <!-- sanity -->
      <group name="e2e">
        <method signature="LoginTest.loginTest(com.ui.pojo.User)[pri:0, instance:com.ui.tests.LoginTest@17d88132]" name="loginTest" class="com.ui.tests.LoginTest"/>
      </group> <!-- e2e -->
    </groups>
    <test started-at="2025-02-22T19:43:34 IST" name="Default test" finished-at="2025-02-22T19:43:57 IST" duration-ms="23148">
      <class name="com.ui.tests.LoginTest">
        <test-method is-config="true" signature="setup(java.lang.String,org.testng.ITestResult,boolean,boolean)[pri:0, instance:com.ui.tests.LoginTest@17d88132]" started-at="2025-02-22T19:43:34 IST" name="setup" finished-at="2025-02-22T19:43:44 IST" duration-ms="9847" status="PASS">
          <params>
            <param index="0">
              <value>
                <![CDATA[chrome]]>
              </value>
            </param>
            <param index="1">
              <value>
                <![CDATA[[TestResult name={null} status=CREATED method=LoginTest.loginTest(com.ui.pojo.User)[pri:0, instance:com.ui.tests.LoginTest@17d88132] output={null}]]]>
              </value>
            </param>
            <param index="2">
              <value>
                <![CDATA[false]]>
              </value>
            </param>
            <param index="3">
              <value>
                <![CDATA[false]]>
              </value>
            </param>
          </params>
          <reporter-output>
          </reporter-output>
        </test-method> <!-- setup -->
        <test-method signature="loginTest(com.ui.pojo.User)[pri:0, instance:com.ui.tests.LoginTest@17d88132]" started-at="2025-02-22T19:43:44 IST" name="loginTest" description="Verify user is able to login with valid Creds" data-provider="LoginTestDataProvider" finished-at="2025-02-22T19:43:47 IST" duration-ms="2557" status="PASS">
          <params>
            <param index="0">
              <value>
                <![CDATA[User [emailAddress=bakomam596@skrak.com, password=password]]]>
              </value>
            </param>
          </params>
          <reporter-output>
          </reporter-output>
        </test-method> <!-- loginTest -->
        <test-method is-config="true" signature="setup(java.lang.String,org.testng.ITestResult,boolean,boolean)[pri:0, instance:com.ui.tests.LoginTest@17d88132]" started-at="2025-02-22T19:43:47 IST" name="setup" finished-at="2025-02-22T19:43:54 IST" duration-ms="7943" status="PASS">
          <params>
            <param index="0">
              <value>
                <![CDATA[chrome]]>
              </value>
            </param>
            <param index="1">
              <value>
                <![CDATA[[TestResult name={null} status=CREATED method=LoginTest.loginTest(com.ui.pojo.User)[pri:0, instance:com.ui.tests.LoginTest@17d88132] output={null}]]]>
              </value>
            </param>
            <param index="2">
              <value>
                <![CDATA[false]]>
              </value>
            </param>
            <param index="3">
              <value>
                <![CDATA[false]]>
              </value>
            </param>
          </params>
          <reporter-output>
          </reporter-output>
        </test-method> <!-- setup -->
        <test-method signature="loginTest(com.ui.pojo.User)[pri:0, instance:com.ui.tests.LoginTest@17d88132]" started-at="2025-02-22T19:43:54 IST" name="loginTest" description="Verify user is able to login with valid Creds" data-provider="LoginTestDataProvider" finished-at="2025-02-22T19:43:57 IST" duration-ms="2594" status="PASS">
          <params>
            <param index="0">
              <value>
                <![CDATA[User [emailAddress=bakomam596@skrak.com, password=password]]]>
              </value>
            </param>
          </params>
          <reporter-output>
          </reporter-output>
        </test-method> <!-- loginTest -->
      </class> <!-- com.ui.tests.LoginTest -->
    </test> <!-- Default test -->
  </suite> <!-- Default suite -->
</testng-results>
