<?xml version="1.0" encoding="UTF-8"?>
<testng-results ignored="0" total="1" passed="1" failed="0" skipped="0">
  <reporter-output>
  </reporter-output>
  <suite started-at="2025-03-04T14:39:40 IST" name="Default suite" finished-at="2025-03-04T14:40:03 IST" duration-ms="22964">
    <groups>
      <group name="sanity">
        <method signature="SearchProductTest.verifyProductSearch()[pri:0, instance:com.ui.tests.SearchProductTest@16eccb2e]" name="verifyProductSearch" class="com.ui.tests.SearchProductTest"/>
      </group> <!-- sanity -->
      <group name="e2e">
        <method signature="SearchProductTest.verifyProductSearch()[pri:0, instance:com.ui.tests.SearchProductTest@16eccb2e]" name="verifyProductSearch" class="com.ui.tests.SearchProductTest"/>
      </group> <!-- e2e -->
    </groups>
    <test started-at="2025-03-04T14:39:40 IST" name="Default test" finished-at="2025-03-04T14:40:03 IST" duration-ms="22964">
      <class name="com.ui.tests.SearchProductTest">
        <test-method is-config="true" signature="setup(java.lang.String,org.testng.ITestResult,boolean,boolean)[pri:0, instance:com.ui.tests.SearchProductTest@16eccb2e]" started-at="2025-03-04T14:39:40 IST" name="setup" finished-at="2025-03-04T14:40:00 IST" duration-ms="19298" status="PASS">
          <params>
            <param index="0">
              <value>
                <![CDATA[CHROME]]>
              </value>
            </param>
            <param index="1">
              <value>
                <![CDATA[[TestResult name={null} status=CREATED method=SearchProductTest.verifyProductSearch()[pri:0, instance:com.ui.tests.SearchProductTest@16eccb2e] output={null}]]]>
              </value>
            </param>
            <param index="2">
              <value>
                <![CDATA[false]]>
              </value>
            </param>
            <param index="3">
              <value>
                <![CDATA[false]]>
              </value>
            </param>
          </params>
          <reporter-output>
          </reporter-output>
        </test-method> <!-- setup -->
        <test-method is-config="true" signature="setup()[pri:0, instance:com.ui.tests.SearchProductTest@16eccb2e]" started-at="2025-03-04T14:40:00 IST" name="setup" finished-at="2025-03-04T14:40:02 IST" duration-ms="2396" status="PASS">
          <reporter-output>
          </reporter-output>
        </test-method> <!-- setup -->
        <test-method signature="verifyProductSearch()[pri:0, instance:com.ui.tests.SearchProductTest@16eccb2e]" started-at="2025-03-04T14:40:02 IST" name="verifyProductSearch" description="Searching the Product page with Valid Credentials and Correct Products" finished-at="2025-03-04T14:40:03 IST" duration-ms="1077" status="PASS">
          <reporter-output>
          </reporter-output>
        </test-method> <!-- verifyProductSearch -->
        <test-method is-config="true" signature="tearDown()[pri:0, instance:com.ui.tests.SearchProductTest@16eccb2e]" started-at="2025-03-04T14:40:03 IST" name="tearDown" finished-at="2025-03-04T14:40:03 IST" duration-ms="0" status="PASS">
          <reporter-output>
          </reporter-output>
        </test-method> <!-- tearDown -->
      </class> <!-- com.ui.tests.SearchProductTest -->
    </test> <!-- Default test -->
  </suite> <!-- Default suite -->
</testng-results>
